2025-01-29 19:38:00 - INFO - BookmarksApplicationTests - StartupInfoLogger.java - 53 - Starting BookmarksApplicationTests using Java 18.0.2.1 with PID 10320 (started by lakhi in G:\bookmarks\bookmarks)
2025-01-29 19:38:00 - INFO - BookmarksApplicationTests - SpringApplication.java - 652 - No active profile set, falling back to 1 default profile: "default"
2025-01-29 19:38:01 - INFO - RepositoryConfigurationDelegate - RepositoryConfigurationDelegate.java - 143 - Bootstrapping Spring Data JPA repositories in DEFAULT mode.
2025-01-29 19:38:01 - INFO - RepositoryConfigurationDelegate - RepositoryConfigurationDelegate.java - 211 - Finished Spring Data repository scanning in 81 ms. Found 2 JPA repository interfaces.
2025-01-29 19:38:02 - INFO - LogHelper - LogHelper.java - 31 - HHH000204: Processing PersistenceUnitInfo [name: default]
2025-01-29 19:38:02 - INFO - Version - Version.java - 44 - HHH000412: Hibernate ORM core version 6.6.5.Final
2025-01-29 19:38:02 - INFO - RegionFactoryInitiator - RegionFactoryInitiator.java - 50 - HHH000026: Second-level cache disabled
2025-01-29 19:38:03 - INFO - SpringPersistenceUnitInfo - SpringPersistenceUnitInfo.java - 87 - No LoadTimeWeaver setup: ignoring JPA class transformer
2025-01-29 19:38:03 - INFO - HikariDataSource - HikariDataSource.java - 109 - HikariPool-1 - Starting...
2025-01-29 19:38:03 - INFO - HikariPool - HikariPool.java - 554 - HikariPool-1 - Added connection org.postgresql.jdbc.PgConnection@5855b0ed
2025-01-29 19:38:03 - INFO - HikariDataSource - HikariDataSource.java - 122 - HikariPool-1 - Start completed.
2025-01-29 19:38:03 - INFO - pooling - JdbcEnvironmentInitiator.java - 157 - HHH10001005: Database info:
	Database JDBC URL [Connecting through datasource 'HikariDataSource (HikariPool-1)']
	Database driver: undefined/unknown
	Database version: 17.2
	Autocommit mode: undefined/unknown
	Isolation level: undefined/unknown
	Minimum pool size: undefined/unknown
	Maximum pool size: undefined/unknown
2025-01-29 19:38:05 - INFO - JtaPlatformInitiator - JtaPlatformInitiator.java - 59 - HHH000489: No JTA platform available (set 'hibernate.transaction.jta.platform' to enable JTA platform integration)
2025-01-29 19:38:05 - INFO - LocalContainerEntityManagerFactoryBean - AbstractEntityManagerFactoryBean.java - 447 - Initialized JPA EntityManagerFactory for persistence unit 'default'
2025-01-29 19:38:06 - INFO - OptionalValidatorFactoryBean - OptionalValidatorFactoryBean.java - 48 - Failed to set up a Bean Validation provider: jakarta.validation.NoProviderFoundException: Unable to create a Configuration, because no Jakarta Bean Validation provider could be found. Add a provider like Hibernate Validator (RI) to your classpath.
2025-01-29 19:38:07 - INFO - BookmarksApplicationTests - StartupInfoLogger.java - 59 - Started BookmarksApplicationTests in 7.505 seconds (process running for 9.176)
2025-01-29 19:38:07 - INFO - LocalContainerEntityManagerFactoryBean - AbstractEntityManagerFactoryBean.java - 660 - Closing JPA EntityManagerFactory for persistence unit 'default'
2025-01-29 19:38:07 - INFO - HikariDataSource - HikariDataSource.java - 349 - HikariPool-1 - Shutdown initiated...
2025-01-29 19:38:07 - INFO - HikariDataSource - HikariDataSource.java - 351 - HikariPool-1 - Shutdown completed.
2025-01-29 19:38:32 - INFO - BookmarksApplication - StartupInfoLogger.java - 53 - Starting BookmarksApplication using Java 18.0.2.1 with PID 18932 (G:\bookmarks\bookmarks\target\classes started by lakhi in G:\bookmarks\bookmarks)
2025-01-29 19:38:33 - INFO - BookmarksApplication - SpringApplication.java - 652 - No active profile set, falling back to 1 default profile: "default"
2025-01-29 19:38:33 - INFO - RepositoryConfigurationDelegate - RepositoryConfigurationDelegate.java - 143 - Bootstrapping Spring Data JPA repositories in DEFAULT mode.
2025-01-29 19:38:33 - INFO - RepositoryConfigurationDelegate - RepositoryConfigurationDelegate.java - 211 - Finished Spring Data repository scanning in 56 ms. Found 2 JPA repository interfaces.
2025-01-29 19:38:34 - INFO - TomcatWebServer - TomcatWebServer.java - 111 - Tomcat initialized with port 5000 (http)
2025-01-29 19:38:34 - INFO - Http11NioProtocol - DirectJDKLog.java - 173 - Initializing ProtocolHandler ["http-nio-5000"]
2025-01-29 19:38:34 - INFO - StandardService - DirectJDKLog.java - 173 - Starting service [Tomcat]
2025-01-29 19:38:34 - INFO - StandardEngine - DirectJDKLog.java - 173 - Starting Servlet engine: [Apache Tomcat/10.1.34]
2025-01-29 19:38:34 - INFO - [/] - DirectJDKLog.java - 173 - Initializing Spring embedded WebApplicationContext
2025-01-29 19:38:34 - INFO - ServletWebServerApplicationContext - ServletWebServerApplicationContext.java - 296 - Root WebApplicationContext: initialization completed in 1469 ms
2025-01-29 19:38:34 - INFO - LogHelper - LogHelper.java - 31 - HHH000204: Processing PersistenceUnitInfo [name: default]
2025-01-29 19:38:34 - INFO - Version - Version.java - 44 - HHH000412: Hibernate ORM core version 6.6.5.Final
2025-01-29 19:38:34 - INFO - RegionFactoryInitiator - RegionFactoryInitiator.java - 50 - HHH000026: Second-level cache disabled
2025-01-29 19:38:35 - INFO - SpringPersistenceUnitInfo - SpringPersistenceUnitInfo.java - 87 - No LoadTimeWeaver setup: ignoring JPA class transformer
2025-01-29 19:38:35 - INFO - HikariDataSource - HikariDataSource.java - 109 - HikariPool-1 - Starting...
2025-01-29 19:38:35 - INFO - HikariPool - HikariPool.java - 554 - HikariPool-1 - Added connection org.postgresql.jdbc.PgConnection@7aa15a80
2025-01-29 19:38:35 - INFO - HikariDataSource - HikariDataSource.java - 122 - HikariPool-1 - Start completed.
2025-01-29 19:38:35 - INFO - pooling - JdbcEnvironmentInitiator.java - 157 - HHH10001005: Database info:
	Database JDBC URL [Connecting through datasource 'HikariDataSource (HikariPool-1)']
	Database driver: undefined/unknown
	Database version: 17.2
	Autocommit mode: undefined/unknown
	Isolation level: undefined/unknown
	Minimum pool size: undefined/unknown
	Maximum pool size: undefined/unknown
2025-01-29 19:38:36 - INFO - JtaPlatformInitiator - JtaPlatformInitiator.java - 59 - HHH000489: No JTA platform available (set 'hibernate.transaction.jta.platform' to enable JTA platform integration)
2025-01-29 19:38:36 - INFO - LocalContainerEntityManagerFactoryBean - AbstractEntityManagerFactoryBean.java - 447 - Initialized JPA EntityManagerFactory for persistence unit 'default'
2025-01-29 19:38:36 - INFO - OptionalValidatorFactoryBean - OptionalValidatorFactoryBean.java - 48 - Failed to set up a Bean Validation provider: jakarta.validation.NoProviderFoundException: Unable to create a Configuration, because no Jakarta Bean Validation provider could be found. Add a provider like Hibernate Validator (RI) to your classpath.
2025-01-29 19:38:37 - INFO - Http11NioProtocol - DirectJDKLog.java - 173 - Starting ProtocolHandler ["http-nio-5000"]
2025-01-29 19:38:37 - INFO - TomcatWebServer - TomcatWebServer.java - 243 - Tomcat started on port 5000 (http) with context path '/'
2025-01-29 19:38:37 - INFO - BookmarksApplication - StartupInfoLogger.java - 59 - Started BookmarksApplication in 4.792 seconds (process running for 5.519)
2025-01-29 19:38:49 - INFO - [/] - DirectJDKLog.java - 173 - Initializing Spring DispatcherServlet 'dispatcherServlet'
2025-01-29 19:38:49 - INFO - DispatcherServlet - FrameworkServlet.java - 532 - Initializing Servlet 'dispatcherServlet'
2025-01-29 19:38:49 - INFO - DispatcherServlet - FrameworkServlet.java - 554 - Completed initialization in 2 ms
2025-01-29 19:38:49 - INFO - ApiLoggingInterceptor - ApiLoggingInterceptor.java - 19 - API Call Started with path /health-check
2025-01-29 19:38:49 - INFO - ApiLoggingInterceptor - ApiLoggingInterceptor.java - 28 - API Call Completed: /health-check | Time Taken: 63 ms | Status: 200
2025-01-29 19:38:50 - INFO - ApiLoggingInterceptor - ApiLoggingInterceptor.java - 19 - API Call Started with path /favicon.ico
2025-01-29 19:38:50 - INFO - ApiLoggingInterceptor - ApiLoggingInterceptor.java - 28 - API Call Completed: /favicon.ico | Time Taken: 4 ms | Status: 404
2025-01-29 19:38:50 - INFO - ApiLoggingInterceptor - ApiLoggingInterceptor.java - 19 - API Call Started with path /error
2025-01-29 19:38:50 - INFO - ApiLoggingInterceptor - ApiLoggingInterceptor.java - 28 - API Call Completed: /error | Time Taken: 66 ms | Status: 404
2025-01-29 19:38:53 - INFO - GracefulShutdown - GracefulShutdown.java - 54 - Commencing graceful shutdown. Waiting for active requests to complete
2025-01-29 19:38:53 - INFO - GracefulShutdown - GracefulShutdown.java - 76 - Graceful shutdown complete
2025-01-29 19:38:53 - INFO - LocalContainerEntityManagerFactoryBean - AbstractEntityManagerFactoryBean.java - 660 - Closing JPA EntityManagerFactory for persistence unit 'default'
2025-01-29 19:38:53 - INFO - HikariDataSource - HikariDataSource.java - 349 - HikariPool-1 - Shutdown initiated...
2025-01-29 19:38:53 - INFO - HikariDataSource - HikariDataSource.java - 351 - HikariPool-1 - Shutdown completed.
